This is pdfTeX, Version 3.14159265-2.6-1.40.16 (TeX Live 2015) (preloaded format=pdflatex 2015.5.24)  25 JAN 2016 18:29
entering extended mode
 restricted \write18 enabled.
 %&-line parsing enabled.
**acknowledgements.md -output-directory ../output acknowledgements.md -interact
ion nonstopmode acknowledgements.md -file-line-error rendered.tex
(./acknowledgements.md
LaTeX2e <2015/01/01>
Babel <3.9l> and hyphenation patterns for 79 languages loaded.

! LaTeX Error: Missing \begin{document}.

See the LaTeX manual or LaTeX Companion for explanation.
Type  H <return>  for immediate help.
 ...                                              
                                                  
l.1 w
     rite some acknowledgements
? 
! Interruption.
\GenericError  ...                                
                                                  \endgroup 
l.1 w
     rite some acknowledgements
? 
! Emergency stop.
\GenericError  ...                                
                                                  \endgroup 
l.1 w
     rite some acknowledgements
End of file on the terminal!

 
Here is how much of TeX's memory you used:
 6 strings out of 493089
 164 string characters out of 6134842
 53199 words of memory out of 5000000
 3590 multiletter control sequences out of 15000+600000
 3640 words of font info for 14 fonts, out of 8000000 for 9000
 1141 hyphenation exceptions out of 8191
 5i,0n,4p,173b,14s stack positions out of 5000i,500n,10000p,200000b,80000s
!  ==> Fatal error occurred, no output PDF file produced!
